# JRE version: OpenJDK Runtime Environment (11.0.11+9) (build 11.0.11+9-b60-7590822)
# Java VM: OpenJDK 64-Bit Server VM (11.0.11+9-b60-7590822, mixed mode, tiered, compressed oops, g1 gc, windows-amd64)
Heap:
 garbage-first heap   total 328704K, used 245399K [0x0000000080000000, 0x0000000100000000)
  region size 1024K, 10 young (10240K), 2 survivors (2048K)
 Metaspace       used 201940K, capacity 206997K, committed 207156K, reserved 1228800K
  class space    used 25342K, capacity 27153K, committed 27264K, reserved 1048576K
GC Heap History (20 events):
Event: 716.034 GC heap before
{Heap before GC invocations=240 (full 0):
 garbage-first heap   total 273408K, used 239627K [0x0000000080000000, 0x0000000100000000)
  region size 1024K, 18 young (18432K), 1 survivors (1024K)
 Metaspace       used 196438K, capacity 201347K, committed 201524K, reserved 1224704K
  class space    used 24917K, capacity 26680K, committed 26752K, reserved 1048576K
}
Event: 716.038 GC heap after
{Heap after GC invocations=241 (full 0):
 garbage-first heap   total 273408K, used 222056K [0x0000000080000000, 0x0000000100000000)
  region size 1024K, 1 young (1024K), 1 survivors (1024K)
 Metaspace       used 196438K, capacity 201347K, committed 201524K, reserved 1224704K
  class space    used 24917K, capacity 26680K, committed 26752K, reserved 1048576K
}
Event: 716.099 GC heap before
{Heap before GC invocations=241 (full 0):
 garbage-first heap   total 273408K, used 239464K [0x0000000080000000, 0x0000000100000000)
  region size 1024K, 18 young (18432K), 1 survivors (1024K)
 Metaspace       used 196439K, capacity 201347K, committed 201524K, reserved 1224704K
  class space    used 24917K, capacity 26680K, committed 26752K, reserved 1048576K
}
Event: 716.101 GC heap after
{Heap after GC invocations=242 (full 0):
 garbage-first heap   total 273408K, used 222013K [0x0000000080000000, 0x0000000100000000)
  region size 1024K, 1 young (1024K), 1 survivors (1024K)
 Metaspace       used 196439K, capacity 201347K, committed 201524K, reserved 1224704K
  class space    used 24917K, capacity 26680K, committed 26752K, reserved 1048576K
}
Event: 716.714 GC heap before
{Heap before GC invocations=242 (full 0):
 garbage-first heap   total 273408K, used 246589K [0x0000000080000000, 0x0000000100000000)
  region size 1024K, 18 young (18432K), 1 survivors (1024K)
 Metaspace       used 196507K, capacity 201449K, committed 201524K, reserved 1224704K
  class space    used 24923K, capacity 26714K, committed 26752K, reserved 1048576K
}
Event: 716.730 GC heap after
{Heap after GC invocations=243 (full 0):
 garbage-first heap   total 273408K, used 230809K [0x0000000080000000, 0x0000000100000000)
  region size 1024K, 3 young (3072K), 3 survivors (3072K)
 Metaspace       used 196507K, capacity 201449K, committed 201524K, reserved 1224704K
  class space    used 24923K, capacity 26714K, committed 26752K, reserved 1048576K
}
Event: 717.146 GC heap before
{Heap before GC invocations=243 (full 0):
 garbage-first heap   total 273408K, used 250265K [0x0000000080000000, 0x0000000100000000)
  region size 1024K, 13 young (13312K), 3 survivors (3072K)
 Metaspace       used 196769K, capacity 201780K, committed 202036K, reserved 1224704K
  class space    used 24943K, capacity 26727K, committed 26752K, reserved 1048576K
}
Event: 717.163 GC heap after
{Heap after GC invocations=244 (full 0):
 garbage-first heap   total 273408K, used 228721K [0x0000000080000000, 0x0000000100000000)
  region size 1024K, 2 young (2048K), 2 survivors (2048K)
 Metaspace       used 196769K, capacity 201780K, committed 202036K, reserved 1224704K
  class space    used 24943K, capacity 26727K, committed 26752K, reserved 1048576K
}
Event: 717.370 GC heap before
{Heap before GC invocations=245 (full 0):
 garbage-first heap   total 273408K, used 238961K [0x0000000080000000, 0x0000000100000000)
  region size 1024K, 13 young (13312K), 2 survivors (2048K)
 Metaspace       used 196879K, capacity 201856K, committed 202036K, reserved 1224704K
  class space    used 24953K, capacity 26731K, committed 26752K, reserved 1048576K
}
Event: 717.384 GC heap after
{Heap after GC invocations=246 (full 0):
 garbage-first heap   total 328704K, used 230492K [0x0000000080000000, 0x0000000100000000)
  region size 1024K, 2 young (2048K), 2 survivors (2048K)
 Metaspace       used 196879K, capacity 201856K, committed 202036K, reserved 1224704K
  class space    used 24953K, capacity 26731K, committed 26752K, reserved 1048576K
}
Event: 717.975 GC heap before
{Heap before GC invocations=246 (full 0):
 garbage-first heap   total 328704K, used 243804K [0x0000000080000000, 0x0000000100000000)
  region size 1024K, 16 young (16384K), 2 survivors (2048K)
 Metaspace       used 199470K, capacity 204474K, committed 204596K, reserved 1226752K
  class space    used 25156K, capacity 26955K, committed 27008K, reserved 1048576K
}
Event: 717.983 GC heap after
{Heap after GC invocations=247 (full 0):
 garbage-first heap   total 328704K, used 232351K [0x0000000080000000, 0x0000000100000000)
  region size 1024K, 2 young (2048K), 2 survivors (2048K)
 Metaspace       used 199470K, capacity 204474K, committed 204596K, reserved 1226752K
  class space    used 25156K, capacity 26955K, committed 27008K, reserved 1048576K
}
Event: 718.703 GC heap before
{Heap before GC invocations=247 (full 0):
 garbage-first heap   total 328704K, used 264095K [0x0000000080000000, 0x0000000100000000)
  region size 1024K, 33 young (33792K), 2 survivors (2048K)
 Metaspace       used 200546K, capacity 205498K, committed 205748K, reserved 1228800K
  class space    used 25225K, capacity 27019K, committed 27136K, reserved 1048576K
}
Event: 718.719 GC heap after
{Heap after GC invocations=248 (full 0):
 garbage-first heap   total 328704K, used 237726K [0x0000000080000000, 0x0000000100000000)
  region size 1024K, 5 young (5120K), 5 survivors (5120K)
 Metaspace       used 200546K, capacity 205498K, committed 205748K, reserved 1228800K
  class space    used 25225K, capacity 27019K, committed 27136K, reserved 1048576K
}
Event: 719.398 GC heap before
{Heap before GC invocations=248 (full 0):
 garbage-first heap   total 328704K, used 268446K [0x0000000080000000, 0x0000000100000000)
  region size 1024K, 35 young (35840K), 5 survivors (5120K)
 Metaspace       used 200737K, capacity 205722K, committed 206004K, reserved 1228800K
  class space    used 25237K, capacity 27051K, committed 27136K, reserved 1048576K
}
Event: 719.413 GC heap after
{Heap after GC invocations=249 (full 0):
 garbage-first heap   total 328704K, used 238135K [0x0000000080000000, 0x0000000100000000)
  region size 1024K, 4 young (4096K), 4 survivors (4096K)
 Metaspace       used 200737K, capacity 205722K, committed 206004K, reserved 1228800K
  class space    used 25237K, capacity 27051K, committed 27136K, reserved 1048576K
}
Event: 721.264 GC heap before
{Heap before GC invocations=249 (full 0):
 garbage-first heap   total 328704K, used 268855K [0x0000000080000000, 0x0000000100000000)
  region size 1024K, 35 young (35840K), 4 survivors (4096K)
 Metaspace       used 201340K, capacity 206333K, committed 206516K, reserved 1228800K
  class space    used 25278K, capacity 27084K, committed 27136K, reserved 1048576K
}
Event: 721.270 GC heap after
{Heap after GC invocations=250 (full 0):
 garbage-first heap   total 328704K, used 238418K [0x0000000080000000, 0x0000000100000000)
  region size 1024K, 1 young (1024K), 1 survivors (1024K)
 Metaspace       used 201340K, capacity 206333K, committed 206516K, reserved 1228800K
  class space    used 25278K, capacity 27084K, committed 27136K, reserved 1048576K
}
Event: 723.069 GC heap before
{Heap before GC invocations=250 (full 0):
 garbage-first heap   total 328704K, used 274258K [0x0000000080000000, 0x0000000100000000)
  region size 1024K, 35 young (35840K), 1 survivors (1024K)
 Metaspace       used 201930K, capacity 206991K, committed 207156K, reserved 1228800K
  class space    used 25341K, capacity 27152K, committed 27264K, reserved 1048576K
}
Event: 723.077 GC heap after
{Heap after GC invocations=251 (full 0):
 garbage-first heap   total 328704K, used 239255K [0x0000000080000000, 0x0000000100000000)
  region size 1024K, 2 young (2048K), 2 survivors (2048K)
 Metaspace       used 201930K, capacity 206991K, committed 207156K, reserved 1228800K
  class space    used 25341K, capacity 27152K, committed 27264K, reserved 1048576K
}

